<?xml version="1.0" encoding="UTF-8"?>
<!-- Generated by org.testng.reporters.JUnitXMLReporter -->
<testsuite ignored="0" hostname="REMYA-PC" failures="1" tests="1" name="Test" time="8.498" errors="0" timestamp="2026-01-08T13:11:09 IST">
  <testcase classname="testscript.LoginTest" name="checkUsesrisAbleToLoginWithValidCredentials" time="1.499">
    <failure type="java.lang.NullPointerException" message="Cannot invoke &amp;quot;org.apache.poi.xssf.usermodel.XSSFSheet.getRow(int)&amp;quot; because &amp;quot;utility.ExcelUtility.s&amp;quot; is null">
      <![CDATA[java.lang.NullPointerException: Cannot invoke "org.apache.poi.xssf.usermodel.XSSFSheet.getRow(int)" because "utility.ExcelUtility.s" is null
at utility.ExcelUtility.getStringData(ExcelUtility.java:24)
at testscript.LoginTest.checkUsesrisAbleToLoginWithValidCredentials(LoginTest.java:16)
at java.base/java.util.ArrayList.forEach(ArrayList.java:1597)
... Removed 25 stack frames]]>
    </failure>
  </testcase> <!-- checkUsesrisAbleToLoginWithValidCredentials -->
</testsuite> <!-- Test -->
