<?xml version="1.0" encoding="UTF-8"?>
<testng-results ignored="0" total="1" passed="1" failed="0" skipped="0">
  <reporter-output>
  </reporter-output>
  <suite started-at="2026-01-07T20:12:52 IST" name="Default suite" finished-at="2026-01-07T20:13:06 IST" duration-ms="14111">
    <groups>
    </groups>
    <test started-at="2026-01-07T20:12:52 IST" name="Default test" finished-at="2026-01-07T20:13:06 IST" duration-ms="14111">
      <class name="testscript.LoginTest">
        <test-method is-config="true" signature="browserInitialization()[pri:0, instance:testscript.LoginTest@31190526]" started-at="2026-01-07T20:12:52 IST" name="browserInitialization" finished-at="2026-01-07T20:13:01 IST" duration-ms="8657" status="PASS">
          <reporter-output>
          </reporter-output>
        </test-method> <!-- browserInitialization -->
        <test-method signature="checkUsesrisAbleToLoginWithValidCredentials()[pri:0, instance:testscript.LoginTest@31190526]" started-at="2026-01-07T20:13:01 IST" name="checkUsesrisAbleToLoginWithValidCredentials" finished-at="2026-01-07T20:13:05 IST" duration-ms="4241" status="PASS">
          <reporter-output>
          </reporter-output>
        </test-method> <!-- checkUsesrisAbleToLoginWithValidCredentials -->
        <test-method is-config="true" signature="browserQuit()[pri:0, instance:testscript.LoginTest@31190526]" started-at="2026-01-07T20:13:05 IST" name="browserQuit" finished-at="2026-01-07T20:13:06 IST" duration-ms="1124" status="PASS">
          <reporter-output>
          </reporter-output>
        </test-method> <!-- browserQuit -->
      </class> <!-- testscript.LoginTest -->
    </test> <!-- Default test -->
  </suite> <!-- Default suite -->
</testng-results>
